<?xml version="1.0" encoding="UTF-8"?>
<testsuite xmlns:xsi="http://www.w3.org/2001/XMLSchema-instance" xsi:noNamespaceSchemaLocation="https://maven.apache.org/surefire/maven-surefire-plugin/xsd/surefire-test-report-3.0.xsd" version="3.0" name="com.udacity.catpoint.security.service.SecurityServiceTest" time="0.609" tests="16" errors="0" skipped="0" failures="0">
  <properties>
[...]
</properties>
  <testcase name="ifASensorIsDeactivatedWhileAlreadyActive_putTheSystemIntoNoAlarmStatus" classname="com.udacity.catpoint.security.service.SecurityServiceTest" time="0.432"/>
  <testcase name="IfAlarmIsActiveChangeSensorState_keepAlarmState(boolean)[1]" classname="com.udacity.catpoint.security.service.SecurityServiceTest" time="0.021"/>
  <testcase name="IfAlarmIsActiveChangeSensorState_keepAlarmState(boolean)[2]" classname="com.udacity.catpoint.security.service.SecurityServiceTest" time="0.003"/>
  <testcase name="ifAlarmIsArmedAndASensorBecomeActive_putTheSystemIntoPendingAlarmStatus" classname="com.udacity.catpoint.security.service.SecurityServiceTest" time="0.002"/>
  <testcase name="ifASensorIsActivatedWhileAlreadyActive_putTheSystemIntoPendingAlarmStatus" classname="com.udacity.catpoint.security.service.SecurityServiceTest" time="0.001"/>
  <testcase name="ifTheImageServiceIdentifiesAnImageContainingACatWhileTheSystemIsArmedHome_putTheSystemIntoAlarmStatus" classname="com.udacity.catpoint.security.service.SecurityServiceTest" time="0.003"/>
  <testcase name="ifAlarmIsArmedAndASensorBecomeActive_andTheSystemIsPendingAlarm_putTheSystemIntoAlarmStatus" classname="com.udacity.catpoint.security.service.SecurityServiceTest" time="0.002"/>
  <testcase name="ifASensorIsDeActivatedWhileAlreadyIActive_makeNoChangeAlarmState(AlarmStatus)[1]" classname="com.udacity.catpoint.security.service.SecurityServiceTest" time="0.002"/>
  <testcase name="ifASensorIsDeActivatedWhileAlreadyIActive_makeNoChangeAlarmState(AlarmStatus)[2]" classname="com.udacity.catpoint.security.service.SecurityServiceTest" time="0.002"/>
  <testcase name="ifASensorIsDeActivatedWhileAlreadyIActive_makeNoChangeAlarmState(AlarmStatus)[3]" classname="com.udacity.catpoint.security.service.SecurityServiceTest" time="0.002"/>
  <testcase name="ifTheImageServiceIdentifiesAnImageDoesNotContainingACat_putTheSystemIntoAlarmStatus" classname="com.udacity.catpoint.security.service.SecurityServiceTest" time="0.001"/>
  <testcase name="ifTheSystemIsArmedHomeWhileTheCameraShowsACat_putTheSystemIntoAlarmStatus" classname="com.udacity.catpoint.security.service.SecurityServiceTest" time="0.002"/>
  <testcase name="ifTheSystemIsArmed_ChangAllSensorStatusToInActive(ArmingStatus)[1]" classname="com.udacity.catpoint.security.service.SecurityServiceTest" time="0.002"/>
  <testcase name="ifTheSystemIsArmed_ChangAllSensorStatusToInActive(ArmingStatus)[2]" classname="com.udacity.catpoint.security.service.SecurityServiceTest" time="0.001"/>
  <testcase name="ifPendingAlarmAndAllSensorsAreInactive_returnToNoAlarmState" classname="com.udacity.catpoint.security.service.SecurityServiceTest" time="0.002"/>
  <testcase name="ifTheSystemIsDisarmed_putTheSystemIntoAlarmStatus" classname="com.udacity.catpoint.security.service.SecurityServiceTest" time="0.002"/>
</testsuite>